C:\Program Files (x86)\Microsoft Visual Studio\2019\Professional\MSBuild\Microsoft\VC\v160\Microsoft.CppBuild.targets(513,5): warning MSB8028: El directorio intermedio (x64\Debug\) contiene archivos compartidos de otro proyecto (SFML Template.vcxproj). Esto puede dar lugar a un comportamiento incorrecto de limpieza y recompilación.
  AssetManager.cpp
  Collision.cpp
  Flash.cpp
E:\C++ VS\Proyect_Final_Flappy_CCII\SFML Template\Flash.cpp(14,14): warning C4244: 'inicializando': conversión de 'float' a 'int'; posible pérdida de datos
E:\C++ VS\Proyect_Final_Flappy_CCII\SFML Template\Flash.cpp(16,13): warning C4244: '=': conversión de 'float' a 'int'; posible pérdida de datos
E:\C++ VS\Proyect_Final_Flappy_CCII\SFML Template\Flash.cpp(22,14): warning C4244: 'inicializando': conversión de 'float' a 'int'; posible pérdida de datos
E:\C++ VS\Proyect_Final_Flappy_CCII\SFML Template\Flash.cpp(24,13): warning C4244: '=': conversión de 'float' a 'int'; posible pérdida de datos
  Game.cpp
  GameOverState.cpp
E:\C++ VS\Proyect_Final_Flappy_CCII\SFML Template\GameOverState.cpp(38,20): warning C4244: 'argumento': conversión de 'double' a 'float'; posible pérdida de datos
E:\C++ VS\Proyect_Final_Flappy_CCII\SFML Template\GameOverState.cpp(41,66): warning C4244: 'argumento': conversión de 'double' a 'float'; posible pérdida de datos
E:\C++ VS\Proyect_Final_Flappy_CCII\SFML Template\GameOverState.cpp(44,66): warning C4244: 'argumento': conversión de 'double' a 'float'; posible pérdida de datos
E:\C++ VS\Proyect_Final_Flappy_CCII\SFML Template\GameOverState.cpp(43,66): warning C4244: 'argumento': conversión de 'double' a 'float'; posible pérdida de datos
E:\C++ VS\Proyect_Final_Flappy_CCII\SFML Template\GameOverState.cpp(54,91): warning C4244: 'argumento': conversión de 'double' a 'float'; posible pérdida de datos
E:\C++ VS\Proyect_Final_Flappy_CCII\SFML Template\GameOverState.cpp(54,57): warning C4244: 'argumento': conversión de 'double' a 'float'; posible pérdida de datos
  GameState.cpp
  GameStateTwo.cpp
  HUD.cpp
E:\C++ VS\Proyect_Final_Flappy_CCII\SFML Template\HUD.cpp(15,83): warning C4244: 'argumento': conversión de 'T' a 'float'; posible pérdida de datos
          with
          [
              T=unsigned int
          ]
E:\C++ VS\Proyect_Final_Flappy_CCII\SFML Template\HUD.cpp(15,52): warning C4244: 'argumento': conversión de 'T' a 'float'; posible pérdida de datos
          with
          [
              T=unsigned int
          ]
  InputManager.cpp
E:\C++ VS\Proyect_Final_Flappy_CCII\SFML Template\InputManager.cpp(12,135): warning C4244: 'argumento': conversión de 'T' a 'T'; posible pérdida de datos
          with
          [
              T=float
          ]
          and
          [
              T=int
          ]
E:\C++ VS\Proyect_Final_Flappy_CCII\SFML Template\InputManager.cpp(12,103): warning C4244: 'argumento': conversión de 'T' a 'T'; posible pérdida de datos
          with
          [
              T=float
          ]
          and
          [
              T=int
          ]
E:\C++ VS\Proyect_Final_Flappy_CCII\SFML Template\InputManager.cpp(12,75): warning C4244: 'argumento': conversión de 'const T' a 'T'; posible pérdida de datos
          with
          [
              T=float
          ]
          and
          [
              T=int
          ]
E:\C++ VS\Proyect_Final_Flappy_CCII\SFML Template\InputManager.cpp(12,51): warning C4244: 'argumento': conversión de 'const T' a 'T'; posible pérdida de datos
          with
          [
              T=float
          ]
          and
          [
              T=int
          ]
  Land.cpp
E:\C++ VS\Proyect_Final_Flappy_CCII\SFML Template\Land.cpp(28,62): warning C4244: 'argumento': conversión de 'T' a 'T'; posible pérdida de datos
          with
          [
              T=unsigned int
          ]
          and
          [
              T=float
          ]
  main.cpp
  MainMenuState.cpp
  Pipe.cpp
E:\C++ VS\Proyect_Final_Flappy_CCII\SFML Template\Pipe.cpp(14,45): warning C4244: 'argumento': conversión de 'T' a 'float'; posible pérdida de datos
          with
          [
              T=unsigned int
          ]
E:\C++ VS\Proyect_Final_Flappy_CCII\SFML Template\Pipe.cpp(21,49): warning C4244: 'argumento': conversión de 'int' a 'float'; posible pérdida de datos
E:\C++ VS\Proyect_Final_Flappy_CCII\SFML Template\Pipe.cpp(21,45): warning C4244: 'argumento': conversión de 'T' a 'float'; posible pérdida de datos
          with
          [
              T=unsigned int
          ]
E:\C++ VS\Proyect_Final_Flappy_CCII\SFML Template\Pipe.cpp(30,45): warning C4244: 'argumento': conversión de 'T' a 'float'; posible pérdida de datos
          with
          [
              T=unsigned int
          ]
E:\C++ VS\Proyect_Final_Flappy_CCII\SFML Template\Pipe.cpp(38,46): warning C4244: 'argumento': conversión de 'T' a 'float'; posible pérdida de datos
          with
          [
              T=unsigned int
          ]
  PipeTwo.cpp
E:\C++ VS\Proyect_Final_Flappy_CCII\SFML Template\PipeTwo.cpp(14,45): warning C4244: 'argumento': conversión de 'T' a 'float'; posible pérdida de datos
          with
          [
              T=unsigned int
          ]
E:\C++ VS\Proyect_Final_Flappy_CCII\SFML Template\PipeTwo.cpp(21,49): warning C4244: 'argumento': conversión de 'int' a 'float'; posible pérdida de datos
E:\C++ VS\Proyect_Final_Flappy_CCII\SFML Template\PipeTwo.cpp(21,45): warning C4244: 'argumento': conversión de 'T' a 'float'; posible pérdida de datos
          with
          [
              T=unsigned int
          ]
E:\C++ VS\Proyect_Final_Flappy_CCII\SFML Template\PipeTwo.cpp(30,45): warning C4244: 'argumento': conversión de 'T' a 'float'; posible pérdida de datos
          with
          [
              T=unsigned int
          ]
E:\C++ VS\Proyect_Final_Flappy_CCII\SFML Template\PipeTwo.cpp(38,46): warning C4244: 'argumento': conversión de 'T' a 'float'; posible pérdida de datos
          with
          [
              T=unsigned int
          ]
  SplashState.cpp
  StateMachine.cpp
  Virus.cpp
  Generando código...
  SFML Template.vcxproj -> E:\C++ VS\Proyect_Final_Flappy_CCII\SFML Template\x64\Debug\Flappy Virus.exe
